[Info  - 00:57:28.615] Reading sessions from keychain...
[Info  - 00:57:28.629] Getting sessions for user:email...
[Info  - 00:57:28.633] Got 0 sessions for user:email...
[Info  - 00:57:28.635] Getting sessions for all scopes...
[Info  - 00:57:28.635] Got 0 sessions for ...
[Info  - 00:57:37.704] Getting sessions for all scopes...
[Info  - 00:57:37.705] Got 0 sessions for ...
[Info  - 00:57:45.309] Getting sessions for user:email...
[Info  - 00:57:45.309] Got 0 sessions for user:email...
[Info  - 00:57:47.569] Logging in for the following scopes: user:email
[Info  - 00:57:47.573] Trying without local server... (user:email)
[Trace  - 00:58:11.23] Handling Uri...
[Info  - 00:58:11.24] Exchanging code for token...
[Info  - 00:58:12.899] Token exchange success!
[Info  - 00:58:12.899] Getting user info...
[Info  - 00:58:13.542] Got account info!
[Info  - 00:58:13.543] Storing 1 sessions...
[Error  - 00:58:13.589] Setting token failed: Error: GDBus.Error:org.freedesktop.DBus.Error.ServiceUnknown: The name org.freedesktop.secrets was not provided by any .service files
[Info  - 00:58:13.589] Stored 1 sessions!
[Info  - 00:58:13.590] Login success!
[Info  - 00:58:13.600] Getting sessions for user:email...
[Info  - 00:58:13.600] Getting sessions for user:email...
[Info  - 00:58:13.600] Got 1 sessions for user:email...
[Info  - 00:58:13.600] Got 1 sessions for user:email...
[Info  - 00:58:24.302] Getting sessions for all scopes...
[Info  - 00:58:24.303] Got 1 sessions for ...
