[2022-10-06T13:08:43.591Z] Log level: Info
[2022-10-06T13:08:43.596Z] [info] Validating found git in: git
[2022-10-06T13:08:43.608Z] [info] Using git 2.38.0 from git
[2022-10-06T13:08:43.624Z] > git rev-parse --show-toplevel [4ms]
[2022-10-06T13:08:43.794Z] > git rev-parse --git-dir --git-common-dir [161ms]
[2022-10-06T13:08:43.801Z] [info] Open repository: /home/ana/projects/proposal-front
[2022-10-06T13:08:43.819Z] > git status -z -uall [9ms]
[2022-10-06T13:08:43.824Z] > git symbolic-ref --short HEAD [1ms]
[2022-10-06T13:08:43.830Z] > git for-each-ref --format=%(refname)%00%(upstream:short)%00%(objectname)%00%(upstream:track)%00%(upstream:remotename)%00%(upstream:remoteref) refs/heads/main refs/remotes/main [1ms]
[2022-10-06T13:08:43.900Z] > git remote --verbose [59ms]
[2022-10-06T13:08:43.900Z] > git for-each-ref --sort -committerdate --format %(refname) %(objectname) %(*objectname) [64ms]
[2022-10-06T13:08:43.967Z] > git config --get commit.template [39ms]
[2022-10-06T13:08:43.976Z] > git status -z -uall [2ms]
[2022-10-06T13:08:43.989Z] > git symbolic-ref --short HEAD [10ms]
[2022-10-06T13:08:44.003Z] > git for-each-ref --format=%(refname)%00%(upstream:short)%00%(objectname)%00%(upstream:track)%00%(upstream:remotename)%00%(upstream:remoteref) refs/heads/main refs/remotes/main [10ms]
[2022-10-06T13:08:44.012Z] > git remote --verbose [2ms]
[2022-10-06T13:08:44.012Z] > git for-each-ref --sort -committerdate --format %(refname) %(objectname) %(*objectname) [5ms]
[2022-10-06T13:08:44.027Z] > git config --get commit.template [2ms]
[2022-10-06T13:08:44.321Z] > git check-ignore -v -z --stdin [1ms]
[2022-10-06T13:08:45.514Z] > git fetch [1707ms]
[2022-10-06T13:08:45.524Z] > git status -z -uall [3ms]
[2022-10-06T13:08:45.528Z] > git symbolic-ref --short HEAD [1ms]
[2022-10-06T13:08:45.533Z] > git for-each-ref --format=%(refname)%00%(upstream:short)%00%(objectname)%00%(upstream:track)%00%(upstream:remotename)%00%(upstream:remoteref) refs/heads/main refs/remotes/main [1ms]
[2022-10-06T13:08:45.539Z] > git for-each-ref --sort -committerdate --format %(refname) %(objectname) %(*objectname) [3ms]
[2022-10-06T13:08:45.540Z] > git remote --verbose [1ms]
[2022-10-06T13:08:45.545Z] > git config --get commit.template [1ms]
[2022-10-06T13:08:55.585Z] > git check-ignore -v -z --stdin [1ms]
[2022-10-06T13:08:56.767Z] > git check-ignore -v -z --stdin [2ms]
[2022-10-06T13:11:48.398Z] > git fetch [2845ms]
[2022-10-06T13:11:48.408Z] > git status -z -uall [3ms]
[2022-10-06T13:11:48.413Z] > git symbolic-ref --short HEAD [1ms]
[2022-10-06T13:11:48.417Z] > git for-each-ref --format=%(refname)%00%(upstream:short)%00%(objectname)%00%(upstream:track)%00%(upstream:remotename)%00%(upstream:remoteref) refs/heads/main refs/remotes/main [1ms]
[2022-10-06T13:11:48.425Z] > git for-each-ref --sort -committerdate --format %(refname) %(objectname) %(*objectname) [4ms]
[2022-10-06T13:11:48.425Z] > git remote --verbose [1ms]
[2022-10-06T13:11:48.432Z] > git config --get commit.template [1ms]
[2022-10-06T13:14:51.670Z] > git fetch [3229ms]
[2022-10-06T13:14:51.680Z] > git status -z -uall [3ms]
[2022-10-06T13:14:51.684Z] > git symbolic-ref --short HEAD [1ms]
[2022-10-06T13:14:51.687Z] > git for-each-ref --format=%(refname)%00%(upstream:short)%00%(objectname)%00%(upstream:track)%00%(upstream:remotename)%00%(upstream:remoteref) refs/heads/main refs/remotes/main [0ms]
[2022-10-06T13:14:51.694Z] > git for-each-ref --sort -committerdate --format %(refname) %(objectname) %(*objectname) [3ms]
[2022-10-06T13:14:51.695Z] > git remote --verbose [1ms]
[2022-10-06T13:14:51.700Z] > git config --get commit.template [1ms]
[2022-10-06T13:15:25.930Z] > git check-ignore -v -z --stdin [2ms]
[2022-10-06T13:15:27.155Z] > git check-ignore -v -z --stdin [1ms]
[2022-10-06T13:15:27.979Z] > git check-ignore -v -z --stdin [2ms]
[2022-10-06T13:15:28.928Z] > git check-ignore -v -z --stdin [2ms]
[2022-10-06T13:15:29.776Z] > git check-ignore -v -z --stdin [2ms]
[2022-10-06T13:15:31.653Z] > git show --textconv :src/app/components/login/login-form/login-form.component.html [70ms]
[2022-10-06T13:15:31.653Z] > git ls-files --stage -- /home/ana/projects/proposal-front/src/app/components/login/login-form/login-form.component.html [65ms]
[2022-10-06T13:15:31.663Z] > git cat-file -s fc17d113be91a65545ce159510d89276b63fac05 [2ms]
[2022-10-06T13:15:35.456Z] > git show --textconv :src/app/components/login/login-form/login-form.component.scss [4ms]
[2022-10-06T13:15:35.457Z] > git ls-files --stage -- /home/ana/projects/proposal-front/src/app/components/login/login-form/login-form.component.scss [1ms]
[2022-10-06T13:15:35.464Z] > git cat-file -s 7447c30ab7fc7c47b4f4c5f1dad52e2b71e4e5cd [2ms]
[2022-10-06T13:15:37.460Z] > git show --textconv :src/app/components/login/login-form/login-form.component.ts [88ms]
[2022-10-06T13:15:37.461Z] > git ls-files --stage -- /home/ana/projects/proposal-front/src/app/components/login/login-form/login-form.component.ts [83ms]
[2022-10-06T13:15:37.468Z] > git cat-file -s 6b42dde6c87aade5c01620ef590f14babdff6a06 [1ms]
[2022-10-06T13:16:07.473Z] > git check-ignore -v -z --stdin [0ms]
[2022-10-06T13:23:25.230Z] > git status -z -uall [3ms]
[2022-10-06T13:23:25.242Z] > git symbolic-ref --short HEAD [6ms]
[2022-10-06T13:23:25.247Z] > git ls-files --stage -- /home/ana/projects/proposal-front/src/app/components/login/login-form/login-form.component.ts [5ms]
[2022-10-06T13:23:25.252Z] > git for-each-ref --format=%(refname)%00%(upstream:short)%00%(objectname)%00%(upstream:track)%00%(upstream:remotename)%00%(upstream:remoteref) refs/heads/main refs/remotes/main [5ms]
[2022-10-06T13:23:25.262Z] > git remote --verbose [1ms]
[2022-10-06T13:23:25.263Z] > git for-each-ref --sort -committerdate --format %(refname) %(objectname) %(*objectname) [7ms]
[2022-10-06T13:23:25.266Z] > git cat-file -s 6b42dde6c87aade5c01620ef590f14babdff6a06 [15ms]
[2022-10-06T13:23:25.273Z] > git config --get commit.template [1ms]
[2022-10-06T13:23:25.287Z] > git show --textconv :src/app/components/login/login-form/login-form.component.ts [2ms]
[2022-10-06T13:23:26.979Z] > git ls-files --stage -- /home/ana/projects/proposal-front/src/app/components/login/login-form/login-form.component.ts [1ms]
[2022-10-06T13:23:26.987Z] > git cat-file -s 6b42dde6c87aade5c01620ef590f14babdff6a06 [1ms]
[2022-10-06T13:23:27.013Z] > git show --textconv :src/app/components/login/login-form/login-form.component.ts [1ms]
[2022-10-06T13:23:29.561Z] > git fetch [4342ms]
[2022-10-06T13:23:29.573Z] > git status -z -uall [4ms]
[2022-10-06T13:23:29.580Z] > git symbolic-ref --short HEAD [2ms]
[2022-10-06T13:23:29.585Z] > git for-each-ref --format=%(refname)%00%(upstream:short)%00%(objectname)%00%(upstream:track)%00%(upstream:remotename)%00%(upstream:remoteref) refs/heads/main refs/remotes/main [1ms]
[2022-10-06T13:23:29.593Z] > git for-each-ref --sort -committerdate --format %(refname) %(objectname) %(*objectname) [4ms]
[2022-10-06T13:23:29.593Z] > git remote --verbose [0ms]
[2022-10-06T13:23:29.599Z] > git config --get commit.template [1ms]
[2022-10-06T13:33:42.795Z] > git status -z -uall [3ms]
[2022-10-06T13:33:42.807Z] > git symbolic-ref --short HEAD [7ms]
[2022-10-06T13:33:42.811Z] > git ls-files --stage -- /home/ana/projects/proposal-front/src/app/components/login/login-form/login-form.component.ts [5ms]
[2022-10-06T13:33:42.816Z] > git for-each-ref --format=%(refname)%00%(upstream:short)%00%(objectname)%00%(upstream:track)%00%(upstream:remotename)%00%(upstream:remoteref) refs/heads/main refs/remotes/main [5ms]
[2022-10-06T13:33:42.824Z] > git for-each-ref --sort -committerdate --format %(refname) %(objectname) %(*objectname) [4ms]
[2022-10-06T13:33:42.824Z] > git cat-file -s 6b42dde6c87aade5c01620ef590f14babdff6a06 [9ms]
[2022-10-06T13:33:42.825Z] > git remote --verbose [2ms]
[2022-10-06T13:33:42.834Z] > git config --get commit.template [1ms]
[2022-10-06T13:33:42.857Z] > git show --textconv :src/app/components/login/login-form/login-form.component.ts [1ms]
[2022-10-06T13:33:43.966Z] > git ls-files --stage -- /home/ana/projects/proposal-front/src/app/components/login/login-form/login-form.component.ts [1ms]
[2022-10-06T13:33:43.971Z] > git cat-file -s 6b42dde6c87aade5c01620ef590f14babdff6a06 [1ms]
[2022-10-06T13:33:43.979Z] > git show --textconv :src/app/components/login/login-form/login-form.component.ts [1ms]
[2022-10-06T13:33:49.517Z] > git fetch [6734ms]
[2022-10-06T13:33:49.527Z] > git status -z -uall [3ms]
[2022-10-06T13:33:49.532Z] > git symbolic-ref --short HEAD [1ms]
[2022-10-06T13:33:49.537Z] > git for-each-ref --format=%(refname)%00%(upstream:short)%00%(objectname)%00%(upstream:track)%00%(upstream:remotename)%00%(upstream:remoteref) refs/heads/main refs/remotes/main [1ms]
[2022-10-06T13:33:49.545Z] > git for-each-ref --sort -committerdate --format %(refname) %(objectname) %(*objectname) [3ms]
[2022-10-06T13:33:49.545Z] > git remote --verbose [1ms]
[2022-10-06T13:33:49.550Z] > git config --get commit.template [1ms]
[2022-10-06T13:34:51.503Z] > git ls-files --stage -- /home/ana/projects/proposal-front/src/app/components/login/login-form/login-form.component.ts [2ms]
[2022-10-06T13:34:51.510Z] > git cat-file -s 6b42dde6c87aade5c01620ef590f14babdff6a06 [1ms]
[2022-10-06T13:34:51.521Z] > git show --textconv :src/app/components/login/login-form/login-form.component.ts [2ms]
