[2022-10-06T11:35:39.004Z] Log level: Info
[2022-10-06T11:35:39.006Z] [info] Validating found git in: git
[2022-10-06T11:35:39.021Z] [info] Using git 2.38.0 from git
[2022-10-06T11:35:39.041Z] > git rev-parse --show-toplevel [12ms]
[2022-10-06T11:35:39.067Z] > git rev-parse --git-dir --git-common-dir [18ms]
[2022-10-06T11:35:39.073Z] [info] Open repository: /home/ana/projects/checkout-contaja
[2022-10-06T11:35:39.087Z] > git status -z -uall [3ms]
[2022-10-06T11:35:39.092Z] > git symbolic-ref --short HEAD [1ms]
[2022-10-06T11:35:39.097Z] > git for-each-ref --format=%(refname)%00%(upstream:short)%00%(objectname)%00%(upstream:track)%00%(upstream:remotename)%00%(upstream:remoteref) refs/heads/main refs/remotes/main [1ms]
[2022-10-06T11:35:39.109Z] > git remote --verbose [2ms]
[2022-10-06T11:35:39.110Z] > git for-each-ref --sort -committerdate --format %(refname) %(objectname) %(*objectname) [7ms]
[2022-10-06T11:35:39.121Z] > git config --get commit.template [1ms]
[2022-10-06T11:35:39.129Z] > git status -z -uall [2ms]
[2022-10-06T11:35:39.134Z] > git symbolic-ref --short HEAD [1ms]
[2022-10-06T11:35:39.139Z] > git for-each-ref --format=%(refname)%00%(upstream:short)%00%(objectname)%00%(upstream:track)%00%(upstream:remotename)%00%(upstream:remoteref) refs/heads/main refs/remotes/main [2ms]
[2022-10-06T11:35:39.149Z] > git remote --verbose [1ms]
[2022-10-06T11:35:39.149Z] > git for-each-ref --sort -committerdate --format %(refname) %(objectname) %(*objectname) [6ms]
[2022-10-06T11:35:39.155Z] > git config --get commit.template [1ms]
[2022-10-06T11:35:39.619Z] > git check-ignore -v -z --stdin [2ms]
[2022-10-06T11:35:40.755Z] > git fetch [1676ms]
[2022-10-06T11:35:40.766Z] > git status -z -uall [3ms]
[2022-10-06T11:35:40.773Z] > git symbolic-ref --short HEAD [1ms]
[2022-10-06T11:35:40.777Z] > git for-each-ref --format=%(refname)%00%(upstream:short)%00%(objectname)%00%(upstream:track)%00%(upstream:remotename)%00%(upstream:remoteref) refs/heads/main refs/remotes/main [1ms]
[2022-10-06T11:35:40.785Z] > git for-each-ref --sort -committerdate --format %(refname) %(objectname) %(*objectname) [3ms]
[2022-10-06T11:35:40.785Z] > git remote --verbose [1ms]
[2022-10-06T11:35:40.791Z] > git config --get commit.template [1ms]
[2022-10-06T11:35:53.595Z] > git show --textconv :artisan [6ms]
[2022-10-06T11:35:53.596Z] > git ls-files --stage -- /home/ana/projects/checkout-contaja/artisan [1ms]
[2022-10-06T11:35:53.601Z] > git cat-file -s 67a3329b183e042b14516122b5d470bc337a5a90 [0ms]
[2022-10-06T11:35:55.226Z] > git show --textconv :.gitlab-ci.yml [6ms]
[2022-10-06T11:35:55.226Z] > git ls-files --stage -- /home/ana/projects/checkout-contaja/.gitlab-ci.yml [1ms]
[2022-10-06T11:35:55.231Z] > git cat-file -s 78f351032060f66a545e886034643354cc373380 [0ms]
[2022-10-06T11:35:57.938Z] > git show --textconv :.env.example [6ms]
[2022-10-06T11:35:57.940Z] > git ls-files --stage -- /home/ana/projects/checkout-contaja/.env.example [3ms]
[2022-10-06T11:35:57.946Z] > git cat-file -s 055f5d8873347a4465226a55245bb1d0b43fccd3 [1ms]
[2022-10-06T11:39:38.932Z] > git ls-files --stage -- /home/ana/projects/checkout-contaja/.env.example [2ms]
[2022-10-06T11:39:38.940Z] > git cat-file -s 055f5d8873347a4465226a55245bb1d0b43fccd3 [1ms]
[2022-10-06T11:39:38.950Z] > git show --textconv :.env.example [1ms]
[2022-10-06T11:39:40.910Z] > git fetch [3152ms]
[2022-10-06T11:39:40.917Z] > git status -z -uall [3ms]
[2022-10-06T11:39:40.922Z] > git symbolic-ref --short HEAD [0ms]
[2022-10-06T11:39:40.926Z] > git for-each-ref --format=%(refname)%00%(upstream:short)%00%(objectname)%00%(upstream:track)%00%(upstream:remotename)%00%(upstream:remoteref) refs/heads/main refs/remotes/main [1ms]
[2022-10-06T11:39:40.937Z] > git for-each-ref --sort -committerdate --format %(refname) %(objectname) %(*objectname) [7ms]
[2022-10-06T11:39:40.938Z] > git remote --verbose [3ms]
[2022-10-06T11:39:40.944Z] > git config --get commit.template [1ms]
[2022-10-06T11:39:41.722Z] > git ls-files --stage -- /home/ana/projects/checkout-contaja/.env.example [1ms]
[2022-10-06T11:39:41.729Z] > git cat-file -s 055f5d8873347a4465226a55245bb1d0b43fccd3 [2ms]
[2022-10-06T11:39:41.738Z] > git show --textconv :.env.example [1ms]
[2022-10-06T11:55:45.543Z] > git fetch [4035ms]
[2022-10-06T11:55:45.554Z] > git status -z -uall [4ms]
[2022-10-06T11:55:45.560Z] > git symbolic-ref --short HEAD [1ms]
[2022-10-06T11:55:45.566Z] > git for-each-ref --format=%(refname)%00%(upstream:short)%00%(objectname)%00%(upstream:track)%00%(upstream:remotename)%00%(upstream:remoteref) refs/heads/main refs/remotes/main [1ms]
[2022-10-06T11:55:45.579Z] > git remote --verbose [2ms]
[2022-10-06T11:55:45.579Z] > git for-each-ref --sort -committerdate --format %(refname) %(objectname) %(*objectname) [7ms]
[2022-10-06T11:55:45.588Z] > git config --get commit.template [1ms]
[2022-10-06T11:56:42.119Z] > git ls-files --stage -- /home/ana/projects/checkout-contaja/.env.example [2ms]
[2022-10-06T11:56:42.126Z] > git cat-file -s 055f5d8873347a4465226a55245bb1d0b43fccd3 [2ms]
[2022-10-06T11:56:42.139Z] > git show --textconv :.env.example [1ms]
[2022-10-06T11:56:45.003Z] > git show --textconv :.env [4ms]
[2022-10-06T11:56:45.004Z] > git ls-files --stage -- /home/ana/projects/checkout-contaja/.env [1ms]
[2022-10-06T11:56:45.258Z] > git check-ignore -v -z --stdin [2ms]
[2022-10-06T11:56:45.753Z] > git status -z -uall [3ms]
[2022-10-06T11:56:45.759Z] > git symbolic-ref --short HEAD [1ms]
[2022-10-06T11:56:45.765Z] > git for-each-ref --format=%(refname)%00%(upstream:short)%00%(objectname)%00%(upstream:track)%00%(upstream:remotename)%00%(upstream:remoteref) refs/heads/main refs/remotes/main [1ms]
[2022-10-06T11:56:45.772Z] > git for-each-ref --sort -committerdate --format %(refname) %(objectname) %(*objectname) [3ms]
[2022-10-06T11:56:45.773Z] > git remote --verbose [1ms]
[2022-10-06T11:56:45.781Z] > git config --get commit.template [3ms]
[2022-10-06T11:57:06.062Z] > git status -z -uall [3ms]
[2022-10-06T11:57:06.069Z] > git symbolic-ref --short HEAD [1ms]
[2022-10-06T11:57:06.077Z] > git for-each-ref --format=%(refname)%00%(upstream:short)%00%(objectname)%00%(upstream:track)%00%(upstream:remotename)%00%(upstream:remoteref) refs/heads/main refs/remotes/main [2ms]
[2022-10-06T11:57:06.088Z] > git remote --verbose [2ms]
[2022-10-06T11:57:06.089Z] > git for-each-ref --sort -committerdate --format %(refname) %(objectname) %(*objectname) [7ms]
[2022-10-06T11:57:06.097Z] > git config --get commit.template [1ms]
[2022-10-06T11:57:11.111Z] > git status -z -uall [5ms]
[2022-10-06T11:57:11.115Z] > git symbolic-ref --short HEAD [0ms]
[2022-10-06T11:57:11.119Z] > git for-each-ref --format=%(refname)%00%(upstream:short)%00%(objectname)%00%(upstream:track)%00%(upstream:remotename)%00%(upstream:remoteref) refs/heads/main refs/remotes/main [1ms]
[2022-10-06T11:57:11.128Z] > git for-each-ref --sort -committerdate --format %(refname) %(objectname) %(*objectname) [6ms]
[2022-10-06T11:57:11.128Z] > git remote --verbose [1ms]
[2022-10-06T11:57:11.132Z] > git config --get commit.template [0ms]
[2022-10-06T12:22:44.425Z] > git ls-files --stage -- /home/ana/projects/checkout-contaja/.env [1ms]
[2022-10-06T12:22:44.436Z] > git show --textconv :.env [1ms]
