[2022-10-06 08:35:39.033] Starting Git Graph ...
[2022-10-06 08:35:39.053] Using git (version: 2.38.0)
[2022-10-06 08:35:39.058] Started Git Graph - Ready to use!
[2022-10-06 08:35:39.058] Searching workspace for new repos ...
[2022-10-06 08:35:39.063] > git rev-parse --show-toplevel
[2022-10-06 08:35:39.066] Added new repo: /home/ana/projects/checkout-contaja
[2022-10-06 08:35:39.086] Successfully set Visual Studio Code Context "git-graph:codiconsSupported" to "true"
[2022-10-06 08:35:39.086] Completed searching workspace for new repos
[2022-10-06 08:35:39.086] Showing "Git Graph" Status Bar Item
[2022-10-06 08:35:48.437] Created Git Graph View
[2022-10-06 08:35:48.626] > git branch -a --no-color
[2022-10-06 08:35:48.631] > git remote
[2022-10-06 08:35:48.634] > git reflog --format=... refs/stash --
[2022-10-06 08:35:48.636] Started watching repo: /home/ana/projects/checkout-contaja
[2022-10-06 08:35:48.648] > git -c log.showSignature=false log --max-count=301 --format=... --date-order --branches --tags --remotes HEAD --
[2022-10-06 08:35:48.653] > git show-ref -d --head
[2022-10-06 08:35:48.661] > git status --untracked-files=all --porcelain
[2022-10-06 08:35:48.838] > git --no-pager config --list -z --includes
[2022-10-06 08:35:48.848] > git --no-pager config --list -z --includes --local
[2022-10-06 08:35:48.853] > git --no-pager config --list -z --includes --global
[2022-10-06 08:35:50.091] Stopped watching repo: /home/ana/projects/checkout-contaja
[2022-10-06 08:35:51.027] > git branch -a --no-color
[2022-10-06 08:35:51.030] > git remote
[2022-10-06 08:35:51.033] > git reflog --format=... refs/stash --
[2022-10-06 08:35:51.034] Started watching repo: /home/ana/projects/checkout-contaja
[2022-10-06 08:35:51.053] > git -c log.showSignature=false log --max-count=301 --format=... --date-order --branches --tags --remotes HEAD --
[2022-10-06 08:35:51.056] > git show-ref -d --head
[2022-10-06 08:35:51.070] > git status --untracked-files=all --porcelain
[2022-10-06 08:35:53.051] Stopped watching repo: /home/ana/projects/checkout-contaja
