[2022-10-06T12:36:19.219Z] Log level: Info
[2022-10-06T12:36:19.228Z] [info] Validating found git in: git
[2022-10-06T12:36:19.257Z] [info] Using git 2.38.0 from git
[2022-10-06T12:36:19.273Z] > git rev-parse --show-toplevel [4ms]
[2022-10-06T12:36:19.283Z] > git rev-parse --git-dir --git-common-dir [1ms]
[2022-10-06T12:36:19.289Z] [info] Open repository: /home/ana/projects/checkout-contaja
[2022-10-06T12:36:19.486Z] > git status -z -uall [175ms]
[2022-10-06T12:36:19.491Z] > git symbolic-ref --short HEAD [2ms]
[2022-10-06T12:36:19.498Z] > git for-each-ref --format=%(refname)%00%(upstream:short)%00%(objectname)%00%(upstream:track)%00%(upstream:remotename)%00%(upstream:remoteref) refs/heads/main refs/remotes/main [1ms]
[2022-10-06T12:36:19.506Z] > git remote --verbose [1ms]
[2022-10-06T12:36:19.507Z] > git for-each-ref --sort -committerdate --format %(refname) %(objectname) %(*objectname) [6ms]
[2022-10-06T12:36:19.516Z] > git config --get commit.template [1ms]
[2022-10-06T12:36:19.523Z] > git status -z -uall [2ms]
[2022-10-06T12:36:19.527Z] > git symbolic-ref --short HEAD [0ms]
[2022-10-06T12:36:19.532Z] > git for-each-ref --format=%(refname)%00%(upstream:short)%00%(objectname)%00%(upstream:track)%00%(upstream:remotename)%00%(upstream:remoteref) refs/heads/main refs/remotes/main [1ms]
[2022-10-06T12:36:19.539Z] > git for-each-ref --sort -committerdate --format %(refname) %(objectname) %(*objectname) [4ms]
[2022-10-06T12:36:19.540Z] > git remote --verbose [1ms]
[2022-10-06T12:36:19.546Z] > git config --get commit.template [1ms]
[2022-10-06T12:36:19.778Z] > git show --textconv :.env [10ms]
[2022-10-06T12:36:19.786Z] > git ls-files --stage -- /home/ana/projects/checkout-contaja/.env [14ms]
[2022-10-06T12:36:19.828Z] > git check-ignore -v -z --stdin [1ms]
[2022-10-06T12:36:21.515Z] > git fetch [2214ms]
[2022-10-06T12:36:21.527Z] > git status -z -uall [4ms]
[2022-10-06T12:36:21.533Z] > git symbolic-ref --short HEAD [1ms]
[2022-10-06T12:36:21.538Z] > git for-each-ref --format=%(refname)%00%(upstream:short)%00%(objectname)%00%(upstream:track)%00%(upstream:remotename)%00%(upstream:remoteref) refs/heads/main refs/remotes/main [1ms]
[2022-10-06T12:36:21.545Z] > git for-each-ref --sort -committerdate --format %(refname) %(objectname) %(*objectname) [4ms]
[2022-10-06T12:36:21.545Z] > git remote --verbose [1ms]
[2022-10-06T12:36:21.551Z] > git config --get commit.template [1ms]
[2022-10-06T12:37:44.193Z] > git ls-files --stage -- /home/ana/projects/checkout-contaja/.env [1ms]
[2022-10-06T12:37:44.199Z] > git show --textconv :.env [1ms]
[2022-10-06T12:37:45.027Z] > git show --textconv :docker-compose.yml [48ms]
[2022-10-06T12:37:45.027Z] > git ls-files --stage -- /home/ana/projects/checkout-contaja/docker-compose.yml [40ms]
[2022-10-06T12:37:45.038Z] > git cat-file -s 6fa6711b8d069df9597b34c63c85b77ac127c6ba [7ms]
[2022-10-06T12:39:22.766Z] > git ls-files --stage -- /home/ana/projects/checkout-contaja/docker-compose.yml [1ms]
[2022-10-06T12:39:22.809Z] > git cat-file -s 6fa6711b8d069df9597b34c63c85b77ac127c6ba [39ms]
[2022-10-06T12:39:22.822Z] > git show --textconv :docker-compose.yml [3ms]
[2022-10-06T12:39:23.306Z] > git fetch [1745ms]
[2022-10-06T12:39:23.316Z] > git status -z -uall [3ms]
[2022-10-06T12:39:23.321Z] > git symbolic-ref --short HEAD [1ms]
[2022-10-06T12:39:23.326Z] > git for-each-ref --format=%(refname)%00%(upstream:short)%00%(objectname)%00%(upstream:track)%00%(upstream:remotename)%00%(upstream:remoteref) refs/heads/main refs/remotes/main [0ms]
[2022-10-06T12:39:23.335Z] > git remote --verbose [1ms]
[2022-10-06T12:39:23.335Z] > git for-each-ref --sort -committerdate --format %(refname) %(objectname) %(*objectname) [5ms]
[2022-10-06T12:39:23.341Z] > git config --get commit.template [1ms]
[2022-10-06T12:39:24.313Z] > git ls-files --stage -- /home/ana/projects/checkout-contaja/docker-compose.yml [2ms]
[2022-10-06T12:39:24.320Z] > git cat-file -s 6fa6711b8d069df9597b34c63c85b77ac127c6ba [1ms]
[2022-10-06T12:39:24.330Z] > git show --textconv :docker-compose.yml [1ms]
