[2022-10-06T12:47:59.794Z] Log level: Info
[2022-10-06T12:47:59.799Z] [info] Validating found git in: git
[2022-10-06T12:47:59.816Z] [info] Using git 2.38.0 from git
[2022-10-06T12:47:59.830Z] > git rev-parse --show-toplevel [2ms]
[2022-10-06T12:47:59.875Z] > git rev-parse --git-dir --git-common-dir [37ms]
[2022-10-06T12:47:59.883Z] [info] Open repository: /home/ana/projects/checkout-contaja
[2022-10-06T12:48:00.034Z] > git status -z -uall [132ms]
[2022-10-06T12:48:00.108Z] > git symbolic-ref --short HEAD [68ms]
[2022-10-06T12:48:00.136Z] > git for-each-ref --format=%(refname)%00%(upstream:short)%00%(objectname)%00%(upstream:track)%00%(upstream:remotename)%00%(upstream:remoteref) refs/heads/main refs/remotes/main [22ms]
[2022-10-06T12:48:00.189Z] > git remote --verbose [38ms]
[2022-10-06T12:48:00.189Z] > git for-each-ref --sort -committerdate --format %(refname) %(objectname) %(*objectname) [45ms]
[2022-10-06T12:48:00.205Z] > git config --get commit.template [3ms]
[2022-10-06T12:48:00.234Z] > git status -z -uall [19ms]
[2022-10-06T12:48:00.252Z] > git symbolic-ref --short HEAD [9ms]
[2022-10-06T12:48:00.266Z] > git for-each-ref --format=%(refname)%00%(upstream:short)%00%(objectname)%00%(upstream:track)%00%(upstream:remotename)%00%(upstream:remoteref) refs/heads/main refs/remotes/main [8ms]
[2022-10-06T12:48:00.276Z] > git remote --verbose [1ms]
[2022-10-06T12:48:00.277Z] > git for-each-ref --sort -committerdate --format %(refname) %(objectname) %(*objectname) [6ms]
[2022-10-06T12:48:00.284Z] > git config --get commit.template [1ms]
[2022-10-06T12:48:00.437Z] > git show --textconv :docker-compose.yml [6ms]
[2022-10-06T12:48:00.438Z] > git ls-files --stage -- /home/ana/projects/checkout-contaja/docker-compose.yml [1ms]
[2022-10-06T12:48:00.443Z] > git cat-file -s 6fa6711b8d069df9597b34c63c85b77ac127c6ba [1ms]
[2022-10-06T12:48:00.544Z] > git check-ignore -v -z --stdin [2ms]
[2022-10-06T12:48:01.148Z] > git ls-files --stage -- /home/ana/projects/checkout-contaja/docker-compose.yml [1ms]
[2022-10-06T12:48:01.156Z] > git cat-file -s 6fa6711b8d069df9597b34c63c85b77ac127c6ba [1ms]
[2022-10-06T12:48:01.168Z] > git show --textconv :docker-compose.yml [1ms]
[2022-10-06T12:48:06.378Z] > git fetch [6485ms]
[2022-10-06T12:48:06.391Z] > git status -z -uall [3ms]
[2022-10-06T12:48:06.398Z] > git symbolic-ref --short HEAD [1ms]
[2022-10-06T12:48:06.405Z] > git for-each-ref --format=%(refname)%00%(upstream:short)%00%(objectname)%00%(upstream:track)%00%(upstream:remotename)%00%(upstream:remoteref) refs/heads/main refs/remotes/main [1ms]
[2022-10-06T12:48:06.421Z] > git remote --verbose [3ms]
[2022-10-06T12:48:06.421Z] > git for-each-ref --sort -committerdate --format %(refname) %(objectname) %(*objectname) [11ms]
[2022-10-06T12:48:06.429Z] > git config --get commit.template [1ms]
[2022-10-06T12:48:09.486Z] > git ls-files --stage -- /home/ana/projects/checkout-contaja/docker-compose.yml [1ms]
[2022-10-06T12:48:09.495Z] > git cat-file -s 6fa6711b8d069df9597b34c63c85b77ac127c6ba [1ms]
[2022-10-06T12:48:09.506Z] > git show --textconv :docker-compose.yml [2ms]
[2022-10-06T12:49:11.136Z] > git status -z -uall [3ms]
[2022-10-06T12:49:11.144Z] > git symbolic-ref --short HEAD [1ms]
[2022-10-06T12:49:11.151Z] > git for-each-ref --format=%(refname)%00%(upstream:short)%00%(objectname)%00%(upstream:track)%00%(upstream:remotename)%00%(upstream:remoteref) refs/heads/main refs/remotes/main [1ms]
[2022-10-06T12:49:11.163Z] > git for-each-ref --sort -committerdate --format %(refname) %(objectname) %(*objectname) [6ms]
[2022-10-06T12:49:11.164Z] > git remote --verbose [2ms]
[2022-10-06T12:49:11.172Z] > git config --get commit.template [0ms]
[2022-10-06T12:49:16.186Z] > git status -z -uall [3ms]
[2022-10-06T12:49:16.195Z] > git symbolic-ref --short HEAD [1ms]
[2022-10-06T12:49:16.204Z] > git for-each-ref --format=%(refname)%00%(upstream:short)%00%(objectname)%00%(upstream:track)%00%(upstream:remotename)%00%(upstream:remoteref) refs/heads/main refs/remotes/main [1ms]
[2022-10-06T12:49:16.220Z] > git remote --verbose [3ms]
[2022-10-06T12:49:16.221Z] > git for-each-ref --sort -committerdate --format %(refname) %(objectname) %(*objectname) [10ms]
[2022-10-06T12:49:16.233Z] > git config --get commit.template [1ms]
[2022-10-06T12:50:06.050Z] > git status -z -uall [4ms]
[2022-10-06T12:50:06.056Z] > git symbolic-ref --short HEAD [1ms]
[2022-10-06T12:50:06.068Z] > git for-each-ref --format=%(refname)%00%(upstream:short)%00%(objectname)%00%(upstream:track)%00%(upstream:remotename)%00%(upstream:remoteref) refs/heads/main refs/remotes/main [7ms]
[2022-10-06T12:50:06.080Z] > git for-each-ref --sort -committerdate --format %(refname) %(objectname) %(*objectname) [5ms]
[2022-10-06T12:50:06.081Z] > git ls-files --stage -- /home/ana/projects/checkout-contaja/docker-compose.yml [14ms]
[2022-10-06T12:50:06.087Z] > git remote --verbose [8ms]
[2022-10-06T12:50:06.093Z] > git cat-file -s 6fa6711b8d069df9597b34c63c85b77ac127c6ba [7ms]
[2022-10-06T12:50:06.094Z] > git config --get commit.template [1ms]
[2022-10-06T12:50:06.102Z] > git show --textconv :docker-compose.yml [1ms]
[2022-10-06T12:50:11.108Z] > git status -z -uall [3ms]
[2022-10-06T12:50:11.115Z] > git symbolic-ref --short HEAD [1ms]
[2022-10-06T12:50:11.122Z] > git for-each-ref --format=%(refname)%00%(upstream:short)%00%(objectname)%00%(upstream:track)%00%(upstream:remotename)%00%(upstream:remoteref) refs/heads/main refs/remotes/main [1ms]
[2022-10-06T12:50:11.133Z] > git for-each-ref --sort -committerdate --format %(refname) %(objectname) %(*objectname) [5ms]
[2022-10-06T12:50:11.133Z] > git remote --verbose [1ms]
[2022-10-06T12:50:11.141Z] > git config --get commit.template [1ms]
[2022-10-06T12:50:16.154Z] > git status -z -uall [3ms]
[2022-10-06T12:50:16.164Z] > git symbolic-ref --short HEAD [1ms]
[2022-10-06T12:50:16.171Z] > git for-each-ref --format=%(refname)%00%(upstream:short)%00%(objectname)%00%(upstream:track)%00%(upstream:remotename)%00%(upstream:remoteref) refs/heads/main refs/remotes/main [1ms]
[2022-10-06T12:50:16.185Z] > git remote --verbose [1ms]
[2022-10-06T12:50:16.185Z] > git for-each-ref --sort -committerdate --format %(refname) %(objectname) %(*objectname) [8ms]
[2022-10-06T12:50:16.198Z] > git config --get commit.template [3ms]
[2022-10-06T12:51:05.946Z] > git status -z -uall [5ms]
[2022-10-06T12:51:05.967Z] > git symbolic-ref --short HEAD [4ms]
[2022-10-06T12:51:06.000Z] > git for-each-ref --format=%(refname)%00%(upstream:short)%00%(objectname)%00%(upstream:track)%00%(upstream:remotename)%00%(upstream:remoteref) refs/heads/main refs/remotes/main [15ms]
[2022-10-06T12:51:06.024Z] > git remote --verbose [2ms]
[2022-10-06T12:51:06.024Z] > git for-each-ref --sort -committerdate --format %(refname) %(objectname) %(*objectname) [13ms]
[2022-10-06T12:51:06.026Z] > git ls-files --stage -- /home/ana/projects/checkout-contaja/docker-compose.yml [28ms]
[2022-10-06T12:51:06.040Z] > git cat-file -s 6fa6711b8d069df9597b34c63c85b77ac127c6ba [9ms]
[2022-10-06T12:51:06.040Z] > git config --get commit.template [1ms]
[2022-10-06T12:51:06.049Z] > git show --textconv :docker-compose.yml [1ms]
[2022-10-06T12:51:07.608Z] > git ls-files --stage -- /home/ana/projects/checkout-contaja/docker-compose.yml [1ms]
[2022-10-06T12:51:07.614Z] > git cat-file -s 6fa6711b8d069df9597b34c63c85b77ac127c6ba [1ms]
[2022-10-06T12:51:07.624Z] > git show --textconv :docker-compose.yml [1ms]
[2022-10-06T12:51:10.478Z] > git fetch [4039ms]
[2022-10-06T12:51:10.487Z] > git status -z -uall [4ms]
[2022-10-06T12:51:10.492Z] > git symbolic-ref --short HEAD [0ms]
[2022-10-06T12:51:10.497Z] > git for-each-ref --format=%(refname)%00%(upstream:short)%00%(objectname)%00%(upstream:track)%00%(upstream:remotename)%00%(upstream:remoteref) refs/heads/main refs/remotes/main [1ms]
[2022-10-06T12:51:10.511Z] > git for-each-ref --sort -committerdate --format %(refname) %(objectname) %(*objectname) [8ms]
[2022-10-06T12:51:10.511Z] > git remote --verbose [1ms]
[2022-10-06T12:51:10.520Z] > git config --get commit.template [2ms]
[2022-10-06T12:51:11.054Z] > git status -z -uall [4ms]
[2022-10-06T12:51:11.061Z] > git symbolic-ref --short HEAD [1ms]
[2022-10-06T12:51:11.066Z] > git for-each-ref --format=%(refname)%00%(upstream:short)%00%(objectname)%00%(upstream:track)%00%(upstream:remotename)%00%(upstream:remoteref) refs/heads/main refs/remotes/main [1ms]
[2022-10-06T12:51:11.077Z] > git for-each-ref --sort -committerdate --format %(refname) %(objectname) %(*objectname) [6ms]
[2022-10-06T12:51:11.078Z] > git remote --verbose [1ms]
[2022-10-06T12:51:11.086Z] > git config --get commit.template [2ms]
[2022-10-06T12:51:11.267Z] > git ls-files --stage -- /home/ana/projects/checkout-contaja/docker-compose.yml [1ms]
[2022-10-06T12:51:11.273Z] > git cat-file -s 6fa6711b8d069df9597b34c63c85b77ac127c6ba [1ms]
[2022-10-06T12:51:11.283Z] > git show --textconv :docker-compose.yml [1ms]
[2022-10-06T12:51:51.040Z] > git check-ignore -v -z --stdin [38ms]
[2022-10-06T12:51:51.170Z] > git status -z -uall [2ms]
[2022-10-06T12:51:51.178Z] > git symbolic-ref --short HEAD [1ms]
[2022-10-06T12:51:51.183Z] > git for-each-ref --format=%(refname)%00%(upstream:short)%00%(objectname)%00%(upstream:track)%00%(upstream:remotename)%00%(upstream:remoteref) refs/heads/main refs/remotes/main [0ms]
[2022-10-06T12:51:51.193Z] > git for-each-ref --sort -committerdate --format %(refname) %(objectname) %(*objectname) [5ms]
[2022-10-06T12:51:51.193Z] > git remote --verbose [1ms]
[2022-10-06T12:51:51.201Z] > git config --get commit.template [2ms]
[2022-10-06T12:52:06.513Z] > git status -z -uall [10ms]
[2022-10-06T12:52:06.520Z] > git symbolic-ref --short HEAD [1ms]
[2022-10-06T12:52:06.527Z] > git for-each-ref --format=%(refname)%00%(upstream:short)%00%(objectname)%00%(upstream:track)%00%(upstream:remotename)%00%(upstream:remoteref) refs/heads/main refs/remotes/main [1ms]
[2022-10-06T12:52:06.539Z] > git for-each-ref --sort -committerdate --format %(refname) %(objectname) %(*objectname) [6ms]
[2022-10-06T12:52:06.540Z] > git remote --verbose [2ms]
[2022-10-06T12:52:06.546Z] > git config --get commit.template [1ms]
[2022-10-06T12:52:06.601Z] > git ls-files --stage -- /home/ana/projects/checkout-contaja/docker-compose.yml [0ms]
[2022-10-06T12:52:06.606Z] > git cat-file -s 6fa6711b8d069df9597b34c63c85b77ac127c6ba [1ms]
[2022-10-06T12:52:06.614Z] > git show --textconv :docker-compose.yml [1ms]
[2022-10-06T12:52:20.534Z] > git status -z -uall [12ms]
[2022-10-06T12:52:20.546Z] > git symbolic-ref --short HEAD [1ms]
[2022-10-06T12:52:20.561Z] > git for-each-ref --format=%(refname)%00%(upstream:short)%00%(objectname)%00%(upstream:track)%00%(upstream:remotename)%00%(upstream:remoteref) refs/heads/main refs/remotes/main [2ms]
[2022-10-06T12:52:20.577Z] > git for-each-ref --sort -committerdate --format %(refname) %(objectname) %(*objectname) [6ms]
[2022-10-06T12:52:20.577Z] > git remote --verbose [1ms]
[2022-10-06T12:52:20.587Z] > git config --get commit.template [0ms]
[2022-10-06T12:52:25.648Z] > git status -z -uall [50ms]
[2022-10-06T12:52:25.655Z] > git symbolic-ref --short HEAD [0ms]
[2022-10-06T12:52:25.663Z] > git for-each-ref --format=%(refname)%00%(upstream:short)%00%(objectname)%00%(upstream:track)%00%(upstream:remotename)%00%(upstream:remoteref) refs/heads/main refs/remotes/main [1ms]
[2022-10-06T12:52:25.676Z] > git remote --verbose [1ms]
[2022-10-06T12:52:25.677Z] > git for-each-ref --sort -committerdate --format %(refname) %(objectname) %(*objectname) [7ms]
[2022-10-06T12:52:25.691Z] > git config --get commit.template [6ms]
[2022-10-06T12:52:30.711Z] > git status -z -uall [9ms]
[2022-10-06T12:52:30.720Z] > git symbolic-ref --short HEAD [1ms]
[2022-10-06T12:52:30.728Z] > git for-each-ref --format=%(refname)%00%(upstream:short)%00%(objectname)%00%(upstream:track)%00%(upstream:remotename)%00%(upstream:remoteref) refs/heads/main refs/remotes/main [1ms]
[2022-10-06T12:52:30.743Z] > git remote --verbose [1ms]
[2022-10-06T12:52:30.743Z] > git for-each-ref --sort -committerdate --format %(refname) %(objectname) %(*objectname) [7ms]
[2022-10-06T12:52:30.757Z] > git config --get commit.template [2ms]
[2022-10-06T12:53:04.414Z] > git check-ignore -v -z --stdin [2ms]
[2022-10-06T12:53:09.271Z] > git checkout -q -- /home/ana/projects/checkout-contaja/public/fonts/vendor/@fortawesome/fontawesome-free/webfa-brands-400.ttf [13ms]
[2022-10-06T12:53:09.282Z] > git status -z -uall [3ms]
[2022-10-06T12:53:09.291Z] > git symbolic-ref --short HEAD [1ms]
[2022-10-06T12:53:09.296Z] > git for-each-ref --format=%(refname)%00%(upstream:short)%00%(objectname)%00%(upstream:track)%00%(upstream:remotename)%00%(upstream:remoteref) refs/heads/main refs/remotes/main [1ms]
[2022-10-06T12:53:09.308Z] > git for-each-ref --sort -committerdate --format %(refname) %(objectname) %(*objectname) [6ms]
[2022-10-06T12:53:09.309Z] > git remote --verbose [1ms]
[2022-10-06T12:53:09.317Z] > git config --get commit.template [1ms]
[2022-10-06T12:53:10.351Z] > git status -z -uall [6ms]
[2022-10-06T12:53:10.360Z] > git symbolic-ref --short HEAD [1ms]
[2022-10-06T12:53:10.369Z] > git for-each-ref --format=%(refname)%00%(upstream:short)%00%(objectname)%00%(upstream:track)%00%(upstream:remotename)%00%(upstream:remoteref) refs/heads/main refs/remotes/main [1ms]
[2022-10-06T12:53:10.386Z] > git remote --verbose [2ms]
[2022-10-06T12:53:10.386Z] > git for-each-ref --sort -committerdate --format %(refname) %(objectname) %(*objectname) [9ms]
[2022-10-06T12:53:10.401Z] > git config --get commit.template [2ms]
[2022-10-06T12:53:10.452Z] > git ls-files --stage -- /home/ana/projects/checkout-contaja/docker-compose.yml [1ms]
[2022-10-06T12:53:10.460Z] > git cat-file -s 6fa6711b8d069df9597b34c63c85b77ac127c6ba [1ms]
[2022-10-06T12:53:10.475Z] > git show --textconv :docker-compose.yml [1ms]
[2022-10-06T12:53:11.914Z] > git checkout -q -- /home/ana/projects/checkout-contaja/public/fonts/vendor/@fortawesome/fontawesome-free/webfa-brands-400.woff2 [3ms]
[2022-10-06T12:53:11.924Z] > git status -z -uall [3ms]
[2022-10-06T12:53:11.929Z] > git symbolic-ref --short HEAD [0ms]
[2022-10-06T12:53:11.938Z] > git for-each-ref --format=%(refname)%00%(upstream:short)%00%(objectname)%00%(upstream:track)%00%(upstream:remotename)%00%(upstream:remoteref) refs/heads/main refs/remotes/main [1ms]
[2022-10-06T12:53:11.952Z] > git for-each-ref --sort -committerdate --format %(refname) %(objectname) %(*objectname) [10ms]
[2022-10-06T12:53:11.954Z] > git remote --verbose [3ms]
[2022-10-06T12:53:11.961Z] > git config --get commit.template [1ms]
[2022-10-06T12:53:13.100Z] > git ls-files --stage -- /home/ana/projects/checkout-contaja/docker-compose.yml [2ms]
[2022-10-06T12:53:13.107Z] > git cat-file -s 6fa6711b8d069df9597b34c63c85b77ac127c6ba [1ms]
[2022-10-06T12:53:13.119Z] > git show --textconv :docker-compose.yml [1ms]
[2022-10-06T12:53:13.840Z] > git checkout -q -- /home/ana/projects/checkout-contaja/public/fonts/vendor/@fortawesome/fontawesome-free/webfa-regular-400.ttf [3ms]
[2022-10-06T12:53:13.849Z] > git status -z -uall [3ms]
[2022-10-06T12:53:13.856Z] > git symbolic-ref --short HEAD [1ms]
[2022-10-06T12:53:13.861Z] > git for-each-ref --format=%(refname)%00%(upstream:short)%00%(objectname)%00%(upstream:track)%00%(upstream:remotename)%00%(upstream:remoteref) refs/heads/main refs/remotes/main [0ms]
[2022-10-06T12:53:13.874Z] > git for-each-ref --sort -committerdate --format %(refname) %(objectname) %(*objectname) [6ms]
[2022-10-06T12:53:13.874Z] > git remote --verbose [0ms]
[2022-10-06T12:53:13.882Z] > git config --get commit.template [1ms]
[2022-10-06T12:53:15.017Z] > git ls-files --stage -- /home/ana/projects/checkout-contaja/docker-compose.yml [1ms]
[2022-10-06T12:53:15.025Z] > git cat-file -s 6fa6711b8d069df9597b34c63c85b77ac127c6ba [1ms]
[2022-10-06T12:53:15.035Z] > git show --textconv :docker-compose.yml [2ms]
[2022-10-06T12:53:16.025Z] > git checkout -q -- /home/ana/projects/checkout-contaja/public/fonts/vendor/@fortawesome/fontawesome-free/webfa-regular-400.woff2 [9ms]
[2022-10-06T12:53:16.027Z] > git status -z -uall [3ms]
[2022-10-06T12:53:16.036Z] > git symbolic-ref --short HEAD [1ms]
[2022-10-06T12:53:16.044Z] > git for-each-ref --format=%(refname)%00%(upstream:short)%00%(objectname)%00%(upstream:track)%00%(upstream:remotename)%00%(upstream:remoteref) refs/heads/main refs/remotes/main [1ms]
[2022-10-06T12:53:16.059Z] > git for-each-ref --sort -committerdate --format %(refname) %(objectname) %(*objectname) [8ms]
[2022-10-06T12:53:16.059Z] > git remote --verbose [1ms]
[2022-10-06T12:53:16.067Z] > git config --get commit.template [0ms]
[2022-10-06T12:53:16.077Z] > git status -z -uall [3ms]
[2022-10-06T12:53:16.084Z] > git symbolic-ref --short HEAD [0ms]
[2022-10-06T12:53:16.092Z] > git for-each-ref --format=%(refname)%00%(upstream:short)%00%(objectname)%00%(upstream:track)%00%(upstream:remotename)%00%(upstream:remoteref) refs/heads/main refs/remotes/main [2ms]
[2022-10-06T12:53:16.104Z] > git for-each-ref --sort -committerdate --format %(refname) %(objectname) %(*objectname) [8ms]
[2022-10-06T12:53:16.104Z] > git remote --verbose [2ms]
[2022-10-06T12:53:16.111Z] > git config --get commit.template [1ms]
[2022-10-06T12:53:17.206Z] > git ls-files --stage -- /home/ana/projects/checkout-contaja/docker-compose.yml [1ms]
[2022-10-06T12:53:17.213Z] > git cat-file -s 6fa6711b8d069df9597b34c63c85b77ac127c6ba [1ms]
[2022-10-06T12:53:17.224Z] > git show --textconv :docker-compose.yml [1ms]
[2022-10-06T12:53:18.382Z] > git checkout -q -- /home/ana/projects/checkout-contaja/public/fonts/vendor/@fortawesome/fontawesome-free/webfa-solid-900.ttf [5ms]
[2022-10-06T12:53:18.395Z] > git status -z -uall [6ms]
[2022-10-06T12:53:18.407Z] > git symbolic-ref --short HEAD [1ms]
[2022-10-06T12:53:18.412Z] > git for-each-ref --format=%(refname)%00%(upstream:short)%00%(objectname)%00%(upstream:track)%00%(upstream:remotename)%00%(upstream:remoteref) refs/heads/main refs/remotes/main [1ms]
[2022-10-06T12:53:18.425Z] > git for-each-ref --sort -committerdate --format %(refname) %(objectname) %(*objectname) [6ms]
[2022-10-06T12:53:18.425Z] > git remote --verbose [0ms]
[2022-10-06T12:53:18.432Z] > git config --get commit.template [1ms]
[2022-10-06T12:53:19.562Z] > git ls-files --stage -- /home/ana/projects/checkout-contaja/docker-compose.yml [1ms]
[2022-10-06T12:53:19.572Z] > git cat-file -s 6fa6711b8d069df9597b34c63c85b77ac127c6ba [1ms]
[2022-10-06T12:53:19.584Z] > git show --textconv :docker-compose.yml [1ms]
[2022-10-06T12:53:21.030Z] > git checkout -q -- /home/ana/projects/checkout-contaja/public/fonts/vendor/@fortawesome/fontawesome-free/webfa-solid-900.woff2 [4ms]
[2022-10-06T12:53:21.043Z] > git status -z -uall [3ms]
[2022-10-06T12:53:21.052Z] > git symbolic-ref --short HEAD [1ms]
[2022-10-06T12:53:21.061Z] > git for-each-ref --format=%(refname)%00%(upstream:short)%00%(objectname)%00%(upstream:track)%00%(upstream:remotename)%00%(upstream:remoteref) refs/heads/main refs/remotes/main [1ms]
[2022-10-06T12:53:21.078Z] > git remote --verbose [1ms]
[2022-10-06T12:53:21.078Z] > git for-each-ref --sort -committerdate --format %(refname) %(objectname) %(*objectname) [9ms]
[2022-10-06T12:53:21.094Z] > git config --get commit.template [2ms]
[2022-10-06T12:53:21.108Z] > git status -z -uall [4ms]
[2022-10-06T12:53:21.115Z] > git symbolic-ref --short HEAD [1ms]
[2022-10-06T12:53:21.124Z] > git for-each-ref --format=%(refname)%00%(upstream:short)%00%(objectname)%00%(upstream:track)%00%(upstream:remotename)%00%(upstream:remoteref) refs/heads/main refs/remotes/main [1ms]
[2022-10-06T12:53:21.137Z] > git for-each-ref --sort -committerdate --format %(refname) %(objectname) %(*objectname) [9ms]
[2022-10-06T12:53:21.138Z] > git remote --verbose [2ms]
[2022-10-06T12:53:21.144Z] > git config --get commit.template [0ms]
[2022-10-06T12:53:22.889Z] > git checkout -q -- /home/ana/projects/checkout-contaja/public/fonts/vendor/@fortawesome/fontawesome-free/webfa-v4compatibility.ttf [4ms]
[2022-10-06T12:53:22.908Z] > git status -z -uall [12ms]
[2022-10-06T12:53:22.918Z] > git ls-files --stage -- /home/ana/projects/checkout-contaja/docker-compose.yml [11ms]
[2022-10-06T12:53:22.926Z] > git symbolic-ref --short HEAD [9ms]
[2022-10-06T12:53:22.932Z] > git cat-file -s 6fa6711b8d069df9597b34c63c85b77ac127c6ba [7ms]
[2022-10-06T12:53:22.933Z] > git for-each-ref --format=%(refname)%00%(upstream:short)%00%(objectname)%00%(upstream:track)%00%(upstream:remotename)%00%(upstream:remoteref) refs/heads/main refs/remotes/main [2ms]
[2022-10-06T12:53:22.946Z] > git for-each-ref --sort -committerdate --format %(refname) %(objectname) %(*objectname) [6ms]
[2022-10-06T12:53:22.946Z] > git remote --verbose [2ms]
[2022-10-06T12:53:22.961Z] > git show --textconv :docker-compose.yml [6ms]
[2022-10-06T12:53:22.962Z] > git config --get commit.template [1ms]
[2022-10-06T12:53:24.832Z] > git checkout -q -- /home/ana/projects/checkout-contaja/public/fonts/vendor/@fortawesome/fontawesome-free/webfa-v4compatibility.woff2 [2ms]
[2022-10-06T12:53:24.852Z] > git status -z -uall [10ms]
[2022-10-06T12:53:24.861Z] > git ls-files --stage -- /home/ana/projects/checkout-contaja/docker-compose.yml [10ms]
[2022-10-06T12:53:24.867Z] > git symbolic-ref --short HEAD [7ms]
[2022-10-06T12:53:24.873Z] > git cat-file -s 6fa6711b8d069df9597b34c63c85b77ac127c6ba [7ms]
[2022-10-06T12:53:24.874Z] > git for-each-ref --format=%(refname)%00%(upstream:short)%00%(objectname)%00%(upstream:track)%00%(upstream:remotename)%00%(upstream:remoteref) refs/heads/main refs/remotes/main [1ms]
[2022-10-06T12:53:24.885Z] > git for-each-ref --sort -committerdate --format %(refname) %(objectname) %(*objectname) [7ms]
[2022-10-06T12:53:24.885Z] > git remote --verbose [1ms]
[2022-10-06T12:53:24.897Z] > git show --textconv :docker-compose.yml [5ms]
[2022-10-06T12:53:24.898Z] > git config --get commit.template [1ms]
[2022-10-06T12:53:25.999Z] > git ls-files --stage -- /home/ana/projects/checkout-contaja/docker-compose.yml [1ms]
[2022-10-06T12:53:26.007Z] > git cat-file -s 6fa6711b8d069df9597b34c63c85b77ac127c6ba [1ms]
[2022-10-06T12:53:26.019Z] > git show --textconv :docker-compose.yml [1ms]
[2022-10-06T12:53:29.872Z] > git show --textconv :.gitattributes [5ms]
[2022-10-06T12:53:29.872Z] > git ls-files --stage -- /home/ana/projects/checkout-contaja/.gitattributes [1ms]
[2022-10-06T12:53:29.878Z] > git cat-file -s 510d9961f10a033fa6a602129eb0e24ebe32e146 [1ms]
[2022-10-06T12:53:30.322Z] > git show --textconv :.gitignore [6ms]
[2022-10-06T12:53:30.323Z] > git ls-files --stage -- /home/ana/projects/checkout-contaja/.gitignore [1ms]
[2022-10-06T12:53:30.329Z] > git cat-file -s 93f5219fb63551e2e9e8ece5bdfbebea18aaa891 [2ms]
[2022-10-06T12:53:40.620Z] > git check-ignore -v -z --stdin [1ms]
[2022-10-06T12:53:41.008Z] > git status -z -uall [3ms]
[2022-10-06T12:53:41.017Z] > git symbolic-ref --short HEAD [1ms]
[2022-10-06T12:53:41.022Z] > git for-each-ref --format=%(refname)%00%(upstream:short)%00%(objectname)%00%(upstream:track)%00%(upstream:remotename)%00%(upstream:remoteref) refs/heads/main refs/remotes/main [1ms]
[2022-10-06T12:53:41.031Z] > git for-each-ref --sort -committerdate --format %(refname) %(objectname) %(*objectname) [5ms]
[2022-10-06T12:53:41.031Z] > git remote --verbose [1ms]
[2022-10-06T12:53:41.039Z] > git config --get commit.template [1ms]
[2022-10-06T12:53:45.524Z] > git check-ignore -v -z --stdin [1ms]
[2022-10-06T12:53:46.052Z] > git status -z -uall [3ms]
[2022-10-06T12:53:46.060Z] > git symbolic-ref --short HEAD [0ms]
[2022-10-06T12:53:46.066Z] > git for-each-ref --format=%(refname)%00%(upstream:short)%00%(objectname)%00%(upstream:track)%00%(upstream:remotename)%00%(upstream:remoteref) refs/heads/main refs/remotes/main [1ms]
[2022-10-06T12:53:46.075Z] > git for-each-ref --sort -committerdate --format %(refname) %(objectname) %(*objectname) [5ms]
[2022-10-06T12:53:46.075Z] > git remote --verbose [1ms]
[2022-10-06T12:53:46.082Z] > git config --get commit.template [1ms]
[2022-10-06T12:53:49.210Z] > git check-ignore -v -z --stdin [1ms]
[2022-10-06T12:53:57.713Z] > git check-ignore -v -z --stdin [2ms]
[2022-10-06T12:53:58.104Z] > git status -z -uall [3ms]
[2022-10-06T12:53:58.113Z] > git symbolic-ref --short HEAD [0ms]
[2022-10-06T12:53:58.120Z] > git for-each-ref --format=%(refname)%00%(upstream:short)%00%(objectname)%00%(upstream:track)%00%(upstream:remotename)%00%(upstream:remoteref) refs/heads/main refs/remotes/main [1ms]
[2022-10-06T12:53:58.134Z] > git remote --verbose [1ms]
[2022-10-06T12:53:58.134Z] > git for-each-ref --sort -committerdate --format %(refname) %(objectname) %(*objectname) [8ms]
[2022-10-06T12:53:58.144Z] > git config --get commit.template [1ms]
[2022-10-06T12:54:05.599Z] > git check-ignore -v -z --stdin [2ms]
[2022-10-06T12:54:05.978Z] > git status -z -uall [2ms]
[2022-10-06T12:54:05.987Z] > git symbolic-ref --short HEAD [1ms]
[2022-10-06T12:54:05.994Z] > git for-each-ref --format=%(refname)%00%(upstream:short)%00%(objectname)%00%(upstream:track)%00%(upstream:remotename)%00%(upstream:remoteref) refs/heads/main refs/remotes/main [1ms]
[2022-10-06T12:54:06.008Z] > git remote --verbose [1ms]
[2022-10-06T12:54:06.009Z] > git for-each-ref --sort -committerdate --format %(refname) %(objectname) %(*objectname) [9ms]
[2022-10-06T12:54:06.021Z] > git config --get commit.template [2ms]
[2022-10-06T12:54:07.590Z] > git check-ignore -v -z --stdin [1ms]
[2022-10-06T12:54:11.737Z] > git ls-files --stage -- /home/ana/projects/checkout-contaja/.gitignore [1ms]
[2022-10-06T12:54:11.744Z] > git cat-file -s 93f5219fb63551e2e9e8ece5bdfbebea18aaa891 [0ms]
[2022-10-06T12:54:11.757Z] > git show --textconv :.gitignore [1ms]
[2022-10-06T12:54:14.753Z] > git show --textconv :docker-compose.yml [5ms]
[2022-10-06T12:54:14.754Z] > git ls-files --stage -- /home/ana/projects/checkout-contaja/docker-compose.yml [1ms]
[2022-10-06T12:54:14.762Z] > git cat-file -s 6fa6711b8d069df9597b34c63c85b77ac127c6ba [1ms]
[2022-10-06T12:54:17.698Z] > git fetch [7170ms]
[2022-10-06T12:54:17.710Z] > git status -z -uall [3ms]
[2022-10-06T12:54:17.715Z] > git symbolic-ref --short HEAD [1ms]
[2022-10-06T12:54:17.721Z] > git for-each-ref --format=%(refname)%00%(upstream:short)%00%(objectname)%00%(upstream:track)%00%(upstream:remotename)%00%(upstream:remoteref) refs/heads/main refs/remotes/main [1ms]
[2022-10-06T12:54:17.729Z] > git for-each-ref --sort -committerdate --format %(refname) %(objectname) %(*objectname) [4ms]
[2022-10-06T12:54:17.729Z] > git remote --verbose [0ms]
[2022-10-06T12:54:17.735Z] > git config --get commit.template [1ms]
[2022-10-06T12:54:17.743Z] > git status -z -uall [2ms]
[2022-10-06T12:54:17.749Z] > git symbolic-ref --short HEAD [1ms]
[2022-10-06T12:54:17.754Z] > git for-each-ref --format=%(refname)%00%(upstream:short)%00%(objectname)%00%(upstream:track)%00%(upstream:remotename)%00%(upstream:remoteref) refs/heads/main refs/remotes/main [1ms]
[2022-10-06T12:54:17.763Z] > git for-each-ref --sort -committerdate --format %(refname) %(objectname) %(*objectname) [5ms]
[2022-10-06T12:54:17.763Z] > git remote --verbose [1ms]
[2022-10-06T12:54:17.769Z] > git config --get commit.template [0ms]
[2022-10-06T12:54:17.848Z] > git ls-files --stage -- /home/ana/projects/checkout-contaja/docker-compose.yml [1ms]
[2022-10-06T12:54:17.855Z] > git cat-file -s 6fa6711b8d069df9597b34c63c85b77ac127c6ba [1ms]
[2022-10-06T12:54:17.863Z] > git show --textconv :docker-compose.yml [1ms]
[2022-10-06T12:56:09.745Z] > git show --textconv :.env [7ms]
[2022-10-06T12:56:09.746Z] > git ls-files --stage -- /home/ana/projects/checkout-contaja/.env [1ms]
[2022-10-06T12:56:33.166Z] > git status -z -uall [12ms]
[2022-10-06T12:56:33.175Z] > git ls-files --stage -- /home/ana/projects/checkout-contaja/.env [9ms]
[2022-10-06T12:56:33.177Z] > git symbolic-ref --short HEAD [3ms]
[2022-10-06T12:56:33.191Z] > git for-each-ref --format=%(refname)%00%(upstream:short)%00%(objectname)%00%(upstream:track)%00%(upstream:remotename)%00%(upstream:remoteref) refs/heads/main refs/remotes/main [2ms]
[2022-10-06T12:56:33.208Z] > git for-each-ref --sort -committerdate --format %(refname) %(objectname) %(*objectname) [9ms]
[2022-10-06T12:56:33.208Z] > git remote --verbose [1ms]
[2022-10-06T12:56:33.219Z] > git config --get commit.template [1ms]
[2022-10-06T12:56:33.230Z] > git show --textconv :.env [1ms]
[2022-10-06T12:58:26.571Z] > git status -z -uall [2ms]
[2022-10-06T12:58:26.580Z] > git symbolic-ref --short HEAD [1ms]
[2022-10-06T12:58:26.586Z] > git for-each-ref --format=%(refname)%00%(upstream:short)%00%(objectname)%00%(upstream:track)%00%(upstream:remotename)%00%(upstream:remoteref) refs/heads/main refs/remotes/main [1ms]
[2022-10-06T12:58:26.598Z] > git for-each-ref --sort -committerdate --format %(refname) %(objectname) %(*objectname) [7ms]
[2022-10-06T12:58:26.598Z] > git remote --verbose [0ms]
[2022-10-06T12:58:26.605Z] > git config --get commit.template [0ms]
[2022-10-06T12:58:27.732Z] > git ls-files --stage -- /home/ana/projects/checkout-contaja/.env [2ms]
[2022-10-06T12:58:27.745Z] > git show --textconv :.env [1ms]
[2022-10-06T12:58:29.657Z] > git fetch [3095ms]
[2022-10-06T12:58:29.666Z] > git status -z -uall [2ms]
[2022-10-06T12:58:29.674Z] > git symbolic-ref --short HEAD [2ms]
[2022-10-06T12:58:29.681Z] > git for-each-ref --format=%(refname)%00%(upstream:short)%00%(objectname)%00%(upstream:track)%00%(upstream:remotename)%00%(upstream:remoteref) refs/heads/main refs/remotes/main [1ms]
[2022-10-06T12:58:29.694Z] > git for-each-ref --sort -committerdate --format %(refname) %(objectname) %(*objectname) [8ms]
[2022-10-06T12:58:29.694Z] > git remote --verbose [1ms]
[2022-10-06T12:58:29.701Z] > git config --get commit.template [0ms]
[2022-10-06T12:58:30.580Z] > git ls-files --stage -- /home/ana/projects/checkout-contaja/.env [2ms]
[2022-10-06T12:58:30.593Z] > git show --textconv :.env [1ms]
[2022-10-06T12:59:41.297Z] > git status -z -uall [5ms]
[2022-10-06T12:59:41.309Z] > git symbolic-ref --short HEAD [1ms]
[2022-10-06T12:59:41.319Z] > git for-each-ref --format=%(refname)%00%(upstream:short)%00%(objectname)%00%(upstream:track)%00%(upstream:remotename)%00%(upstream:remoteref) refs/heads/main refs/remotes/main [1ms]
[2022-10-06T12:59:41.349Z] > git for-each-ref --sort -committerdate --format %(refname) %(objectname) %(*objectname) [18ms]
[2022-10-06T12:59:41.351Z] > git ls-files --stage -- /home/ana/projects/checkout-contaja/.env [2ms]
[2022-10-06T12:59:41.351Z] > git remote --verbose [11ms]
[2022-10-06T12:59:41.369Z] > git config --get commit.template [9ms]
[2022-10-06T12:59:41.370Z] > git show --textconv :.env [2ms]
[2022-10-06T13:01:01.092Z] > git status -z -uall [3ms]
[2022-10-06T13:01:01.104Z] > git symbolic-ref --short HEAD [1ms]
[2022-10-06T13:01:01.112Z] > git for-each-ref --format=%(refname)%00%(upstream:short)%00%(objectname)%00%(upstream:track)%00%(upstream:remotename)%00%(upstream:remoteref) refs/heads/main refs/remotes/main [1ms]
[2022-10-06T13:01:01.127Z] > git remote --verbose [1ms]
[2022-10-06T13:01:01.128Z] > git for-each-ref --sort -committerdate --format %(refname) %(objectname) %(*objectname) [9ms]
[2022-10-06T13:01:01.141Z] > git config --get commit.template [5ms]
[2022-10-06T13:01:01.142Z] > git ls-files --stage -- /home/ana/projects/checkout-contaja/.env [1ms]
[2022-10-06T13:01:01.149Z] > git show --textconv :.env [1ms]
[2022-10-06T13:01:06.155Z] > git status -z -uall [3ms]
[2022-10-06T13:01:06.164Z] > git symbolic-ref --short HEAD [1ms]
[2022-10-06T13:01:06.172Z] > git for-each-ref --format=%(refname)%00%(upstream:short)%00%(objectname)%00%(upstream:track)%00%(upstream:remotename)%00%(upstream:remoteref) refs/heads/main refs/remotes/main [1ms]
[2022-10-06T13:01:06.188Z] > git remote --verbose [1ms]
[2022-10-06T13:01:06.189Z] > git for-each-ref --sort -committerdate --format %(refname) %(objectname) %(*objectname) [9ms]
[2022-10-06T13:01:06.199Z] > git config --get commit.template [2ms]
[2022-10-06T13:01:30.881Z] > git ls-files --stage -- /home/ana/projects/checkout-contaja/.env [1ms]
[2022-10-06T13:01:30.892Z] > git show --textconv :.env [1ms]
[2022-10-06T13:01:32.535Z] > git fetch [2824ms]
[2022-10-06T13:01:32.547Z] > git status -z -uall [2ms]
[2022-10-06T13:01:32.552Z] > git symbolic-ref --short HEAD [1ms]
[2022-10-06T13:01:32.558Z] > git for-each-ref --format=%(refname)%00%(upstream:short)%00%(objectname)%00%(upstream:track)%00%(upstream:remotename)%00%(upstream:remoteref) refs/heads/main refs/remotes/main [1ms]
[2022-10-06T13:01:32.568Z] > git for-each-ref --sort -committerdate --format %(refname) %(objectname) %(*objectname) [6ms]
[2022-10-06T13:01:32.568Z] > git remote --verbose [0ms]
[2022-10-06T13:01:32.576Z] > git config --get commit.template [0ms]
[2022-10-06T13:01:33.400Z] > git ls-files --stage -- /home/ana/projects/checkout-contaja/.env [1ms]
[2022-10-06T13:01:33.412Z] > git show --textconv :.env [1ms]
