[2022-10-06 09:47:59.118] [exthost] [info] Extension host with pid 31909 started
[2022-10-06 09:47:59.118] [exthost] [info] Skipping acquiring lock for /home/ana/.config/Code/User/workspaceStorage/93ce8e07d0ec9f6635aa81d4b9df5292.
[2022-10-06 09:47:59.249] [exthost] [info] ExtensionService#_doActivateExtension ms-azuretools.vscode-docker, startup: false, activationEvent: 'onLanguage:dockercompose'
[2022-10-06 09:47:59.334] [exthost] [info] ExtensionService#_doActivateExtension vscode.microsoft-authentication, startup: false, activationEvent: 'onAuthenticationRequest:microsoft'
[2022-10-06 09:47:59.352] [exthost] [info] ExtensionService#_doActivateExtension vscode.debug-auto-launch, startup: true, activationEvent: '*'
[2022-10-06 09:47:59.355] [exthost] [info] ExtensionService#_doActivateExtension vscode.git-base, startup: true, activationEvent: '*', root cause: vscode.git
[2022-10-06 09:47:59.357] [exthost] [info] ExtensionService#_doActivateExtension vscode.ipynb, startup: true, activationEvent: '*'
[2022-10-06 09:47:59.362] [exthost] [info] ExtensionService#_doActivateExtension JonathanHarty.gruvbox-material-icon-theme, startup: true, activationEvent: '*'
[2022-10-06 09:47:59.374] [exthost] [info] ExtensionService#_doActivateExtension mhutchie.git-graph, startup: true, activationEvent: '*'
[2022-10-06 09:47:59.390] [exthost] [info] ExtensionService#_doActivateExtension naumovs.color-highlight, startup: true, activationEvent: '*'
[2022-10-06 09:47:59.404] [exthost] [info] ExtensionService#_doActivateExtension sainnhe.gruvbox-material, startup: true, activationEvent: '*'
[2022-10-06 09:47:59.417] [exthost] [info] ExtensionService#_doActivateExtension wheredoesyourmindgo.gruvbox-concoctis, startup: true, activationEvent: '*'
[2022-10-06 09:47:59.436] [exthost] [info] ExtensionService#_doActivateExtension vscode.npm, startup: true, activationEvent: 'workspaceContains:package.json'
[2022-10-06 09:47:59.700] [exthost] [info] ExtensionService#_doActivateExtension vscode.git, startup: true, activationEvent: '*'
[2022-10-06 09:47:59.716] [exthost] [info] ExtensionService#_doActivateExtension vscode.github, startup: true, activationEvent: '*'
[2022-10-06 09:47:59.869] [exthost] [info] Eager extensions activated
[2022-10-06 09:47:59.914] [exthost] [info] ExtensionService#_doActivateExtension vscode.emmet, startup: false, activationEvent: 'onStartupFinished'
[2022-10-06 09:47:59.919] [exthost] [info] ExtensionService#_doActivateExtension vscode.merge-conflict, startup: false, activationEvent: 'onStartupFinished'
[2022-10-06 09:47:59.920] [exthost] [info] ExtensionService#_doActivateExtension eamodio.gitlens, startup: false, activationEvent: 'onStartupFinished'
[2022-10-06 09:47:59.958] [exthost] [info] ExtensionService#_doActivateExtension esbenp.prettier-vscode, startup: false, activationEvent: 'onStartupFinished'
[2022-10-06 09:48:00.023] [exthost] [info] ExtensionService#_doActivateExtension ritwickdey.LiveServer, startup: false, activationEvent: 'onStartupFinished'
[2022-10-06 09:48:00.042] [exthost] [info] ExtensionService#_doActivateExtension vscode.github-authentication, startup: false, activationEvent: 'onAuthenticationRequest:github'
[2022-10-06 09:53:30.094] [exthost] [warning] TextEditor is closed/disposed
[2022-10-06 09:53:30.095] [exthost] [warning] TextEditor is closed/disposed
[2022-10-06 09:54:14.549] [exthost] [warning] TextEditor is closed/disposed
[2022-10-06 10:02:58.457] [exthost] [info] Extension host terminating: received terminate message from renderer
[2022-10-06 10:02:58.487] [exthost] [info] Extension host with pid 31909 exiting with code 0
